
** (unity-settings-daemon:28481): WARNING **: Unable to register client: GDBus.Error:org.freedesktop.DBus.Error.ServiceUnknown: The name org.gnome.SessionManager was not provided by any .service files

(unity-settings-daemon:28481): GLib-GIO-CRITICAL **: g_dbus_connection_call_internal: assertion 'G_IS_DBUS_CONNECTION (connection)' failed

** (unity-settings-daemon:28481): WARNING **: GDBus.Error:org.freedesktop.DBus.Error.ServiceUnknown: The name org.fcitx.Fcitx-0 was not provided by any .service files

(unity-settings-daemon:28481): GLib-GIO-CRITICAL **: g_dbus_connection_call_internal: assertion 'G_IS_DBUS_CONNECTION (connection)' failed

** (unity-settings-daemon:28481): WARNING **: GDBus.Error:org.freedesktop.DBus.Error.ServiceUnknown: The name org.fcitx.Fcitx-0 was not provided by any .service files

(unity-settings-daemon:28481): keyboard-plugin-WARNING **: Cannot update Fcitx engine list

(unity-settings-daemon:28481): color-plugin-WARNING **: failed to set screen _ICC_PROFILE: 打开文件“/tmp/guest-zekwqb/.local/share/icc/edid-c09fe38e45cae9b50c81e93c54413a7f.icc”失败：权限不够

** (unity-settings-daemon:28481): WARNING **: GDBus.Error:org.freedesktop.DBus.Error.ServiceUnknown: The name org.fcitx.Fcitx-0 was not provided by any .service files

(unity-settings-daemon:28481): keyboard-plugin-WARNING **: Cannot update Fcitx engine list

** (unity-settings-daemon:28481): WARNING **: GDBus.Error:org.freedesktop.DBus.Error.ServiceUnknown: The name org.fcitx.Fcitx-0 was not provided by any .service files

(unity-settings-daemon:28481): keyboard-plugin-WARNING **: Cannot update Fcitx engine list

** (unity-settings-daemon:28481): WARNING **: GDBus.Error:org.freedesktop.DBus.Error.ServiceUnknown: The name org.fcitx.Fcitx-0 was not provided by any .service files

(unity-settings-daemon:28481): keyboard-plugin-WARNING **: Cannot update Fcitx engine list

** (unity-settings-daemon:28481): WARNING **: GDBus.Error:org.freedesktop.DBus.Error.ServiceUnknown: The name org.fcitx.Fcitx-0 was not provided by any .service files

(unity-settings-daemon:28481): keyboard-plugin-WARNING **: Cannot update Fcitx engine list

** (unity-settings-daemon:28481): WARNING **: GDBus.Error:org.freedesktop.DBus.Error.ServiceUnknown: The name org.fcitx.Fcitx-0 was not provided by any .service files

(unity-settings-daemon:28481): keyboard-plugin-WARNING **: Cannot update Fcitx engine list

** (unity-settings-daemon:28481): WARNING **: GDBus.Error:org.freedesktop.DBus.Error.ServiceUnknown: The name org.fcitx.Fcitx-0 was not provided by any .service files

(unity-settings-daemon:28481): keyboard-plugin-WARNING **: Cannot update Fcitx engine list

(unity-settings-daemon:28481): AccountsService-WARNING **: ActUserManager: user (null) has no username (object path: /org/freedesktop/Accounts/User986, uid: 0)

(unity-settings-daemon:28481): AccountsService-WARNING **: SetInputSources call failed: GDBus.Error:org.freedesktop.Accounts.Error.PermissionDenied: Not authorized

(unity-settings-daemon:28481): media-keys-plugin-WARNING **: Failed to call GetEnvironment on keyring daemon: GDBus.Error:org.freedesktop.DBus.Error.Spawn.ChildExited: Process org.gnome.keyring exited with status 1

** (unity-settings-daemon:28481): WARNING **: GDBus.Error:org.freedesktop.DBus.Error.NameHasNoOwner: Name "org.fcitx.Fcitx-0" does not exist

(unity-settings-daemon:28481): AccountsService-WARNING **: SetInputSources call failed: GDBus.Error:org.freedesktop.Accounts.Error.PermissionDenied: Not authorized

(unity-settings-daemon:28481): media-keys-plugin-WARNING **: Failed to call GetEnvironment on keyring daemon: GDBus.Error:org.freedesktop.DBus.Error.Spawn.ChildExited: Process org.gnome.keyring exited with status 1

(unity-settings-daemon:28481): media-keys-plugin-WARNING **: Failed to call GetEnvironment on keyring daemon: GDBus.Error:org.freedesktop.DBus.Error.Spawn.ChildExited: Process org.gnome.keyring exited with status 1

(unity-settings-daemon:28481): media-keys-plugin-WARNING **: Failed to call GetEnvironment on keyring daemon: GDBus.Error:org.freedesktop.DBus.Error.Spawn.ChildExited: Process org.gnome.keyring exited with status 1

(unity-settings-daemon:28481): media-keys-plugin-WARNING **: Failed to call GetEnvironment on keyring daemon: GDBus.Error:org.freedesktop.DBus.Error.Spawn.ChildExited: Process org.gnome.keyring exited with status 1

(unity-settings-daemon:28481): media-keys-plugin-WARNING **: Failed to call GetEnvironment on keyring daemon: GDBus.Error:org.freedesktop.DBus.Error.Spawn.ChildExited: Process org.gnome.keyring exited with status 1

(unity-settings-daemon:28481): media-keys-plugin-WARNING **: Failed to call GetEnvironment on keyring daemon: GDBus.Error:org.freedesktop.DBus.Error.Spawn.ChildExited: Process org.gnome.keyring exited with status 1

** (unity-settings-daemon:28481): WARNING **: GDBus.Error:org.freedesktop.DBus.Error.NameHasNoOwner: Name "org.fcitx.Fcitx-0" does not exist

(unity-settings-daemon:28481): AccountsService-WARNING **: SetInputSources call failed: GDBus.Error:org.freedesktop.Accounts.Error.PermissionDenied: Not authorized

** (unity-settings-daemon:28481): WARNING **: GDBus.Error:org.freedesktop.DBus.Error.NameHasNoOwner: Name "org.fcitx.Fcitx-0" does not exist

(unity-settings-daemon:28481): AccountsService-WARNING **: SetInputSources call failed: GDBus.Error:org.freedesktop.Accounts.Error.PermissionDenied: Not authorized

(unity-settings-daemon:28481): media-keys-plugin-WARNING **: Failed to call GetEnvironment on keyring daemon: GDBus.Error:org.freedesktop.DBus.Error.Spawn.ChildExited: Process org.gnome.keyring exited with status 1

(unity-settings-daemon:28481): media-keys-plugin-WARNING **: Failed to call GetEnvironment on keyring daemon: GDBus.Error:org.freedesktop.DBus.Error.Spawn.ChildExited: Process org.gnome.keyring exited with status 1

(unity-settings-daemon:28481): media-keys-plugin-WARNING **: Failed to call GetEnvironment on keyring daemon: GDBus.Error:org.freedesktop.DBus.Error.Spawn.ChildExited: Process org.gnome.keyring exited with status 1

(unity-settings-daemon:28481): media-keys-plugin-WARNING **: Failed to call GetEnvironment on keyring daemon: GDBus.Error:org.freedesktop.DBus.Error.Spawn.ChildExited: Process org.gnome.keyring exited with status 1

(unity-settings-daemon:28481): media-keys-plugin-WARNING **: Failed to call GetEnvironment on keyring daemon: GDBus.Error:org.freedesktop.DBus.Error.Spawn.ChildExited: Process org.gnome.keyring exited with status 1

(unity-settings-daemon:28481): media-keys-plugin-WARNING **: Failed to call GetEnvironment on keyring daemon: GDBus.Error:org.freedesktop.DBus.Error.Spawn.ChildExited: Process org.gnome.keyring exited with status 1

(unity-settings-daemon:28481): media-keys-plugin-WARNING **: Failed to call GetEnvironment on keyring daemon: GDBus.Error:org.freedesktop.DBus.Error.Spawn.ChildExited: Process org.gnome.keyring exited with status 1

(unity-settings-daemon:28481): media-keys-plugin-WARNING **: Failed to call GetEnvironment on keyring daemon: GDBus.Error:org.freedesktop.DBus.Error.Spawn.ChildExited: Process org.gnome.keyring exited with status 1

(unity-settings-daemon:28481): media-keys-plugin-WARNING **: Failed to call GetEnvironment on keyring daemon: GDBus.Error:org.freedesktop.DBus.Error.Spawn.ChildExited: Process org.gnome.keyring exited with status 1

(unity-settings-daemon:28481): media-keys-plugin-WARNING **: Failed to call GetEnvironment on keyring daemon: GDBus.Error:org.freedesktop.DBus.Error.Spawn.ChildExited: Process org.gnome.keyring exited with status 1

(unity-settings-daemon:28481): media-keys-plugin-WARNING **: Failed to call GetEnvironment on keyring daemon: GDBus.Error:org.freedesktop.DBus.Error.Spawn.ChildExited: Process org.gnome.keyring exited with status 1

(unity-settings-daemon:28481): media-keys-plugin-WARNING **: Failed to call GetEnvironment on keyring daemon: GDBus.Error:org.freedesktop.DBus.Error.Spawn.ChildExited: Process org.gnome.keyring exited with status 1

(unity-settings-daemon:28481): media-keys-plugin-WARNING **: Failed to call GetEnvironment on keyring daemon: GDBus.Error:org.freedesktop.DBus.Error.Spawn.ChildExited: Process org.gnome.keyring exited with status 1
